2014-12-06 23:04:34,375:INFO:apscheduler.executors.default:Running job "job (trigger: interval[0:00:10], next run at: 2014-12-06 23:04:44 CET)" (scheduled at 2014-12-06 23:04:34.370234+01:00)
2014-12-06 23:04:34,376:INFO:apscheduler.executors.default:Job "job (trigger: interval[0:00:10], next run at: 2014-12-06 23:04:44 CET)" executed successfully
2014-12-06 23:04:44,374:INFO:apscheduler.executors.default:Running job "job (trigger: interval[0:00:10], next run at: 2014-12-06 23:04:44 CET)" (scheduled at 2014-12-06 23:04:44.370234+01:00)
2014-12-06 23:04:44,375:INFO:apscheduler.executors.default:Job "job (trigger: interval[0:00:10], next run at: 2014-12-06 23:04:54 CET)" executed successfully
2014-12-06 23:04:54,383:INFO:apscheduler.executors.default:Running job "job (trigger: interval[0:00:10], next run at: 2014-12-06 23:04:54 CET)" (scheduled at 2014-12-06 23:04:54.370234+01:00)
2014-12-06 23:04:54,384:INFO:apscheduler.executors.default:Job "job (trigger: interval[0:00:10], next run at: 2014-12-06 23:05:04 CET)" executed successfully
2014-12-06 23:13:12,853:INFO:apscheduler.executors.default:Running job "start_monitor (trigger: interval[0:01:00], next run at: 2014-12-06 23:14:12 CET)" (scheduled at 2014-12-06 23:13:12.838688+01:00)
2014-12-06 23:13:14,307:INFO:apscheduler.executors.default:Job "start_monitor (trigger: interval[0:01:00], next run at: 2014-12-06 23:14:12 CET)" executed successfully
2014-12-06 23:14:12,841:INFO:apscheduler.executors.default:Running job "start_monitor (trigger: interval[0:01:00], next run at: 2014-12-06 23:14:12 CET)" (scheduled at 2014-12-06 23:14:12.838688+01:00)
2014-12-06 23:14:14,396:INFO:apscheduler.executors.default:Job "start_monitor (trigger: interval[0:01:00], next run at: 2014-12-06 23:15:12 CET)" executed successfully
2014-12-06 23:15:12,845:INFO:apscheduler.executors.default:Running job "start_monitor (trigger: interval[0:01:00], next run at: 2014-12-06 23:15:12 CET)" (scheduled at 2014-12-06 23:15:12.838688+01:00)
2014-12-06 23:15:14,128:INFO:apscheduler.executors.default:Job "start_monitor (trigger: interval[0:01:00], next run at: 2014-12-06 23:16:12 CET)" executed successfully
2014-12-06 23:16:12,851:INFO:apscheduler.executors.default:Running job "start_monitor (trigger: interval[0:01:00], next run at: 2014-12-06 23:17:12 CET)" (scheduled at 2014-12-06 23:16:12.838688+01:00)
2014-12-06 23:16:16,691:INFO:apscheduler.executors.default:Job "start_monitor (trigger: interval[0:01:00], next run at: 2014-12-06 23:17:12 CET)" executed successfully
2014-12-06 23:17:12,847:INFO:apscheduler.executors.default:Running job "start_monitor (trigger: interval[0:01:00], next run at: 2014-12-06 23:18:12 CET)" (scheduled at 2014-12-06 23:17:12.838688+01:00)
2014-12-06 23:17:14,727:INFO:apscheduler.executors.default:Job "start_monitor (trigger: interval[0:01:00], next run at: 2014-12-06 23:18:12 CET)" executed successfully
2014-12-06 23:18:12,843:INFO:apscheduler.executors.default:Running job "start_monitor (trigger: interval[0:01:00], next run at: 2014-12-06 23:18:12 CET)" (scheduled at 2014-12-06 23:18:12.838688+01:00)
2014-12-06 23:18:14,598:INFO:apscheduler.executors.default:Job "start_monitor (trigger: interval[0:01:00], next run at: 2014-12-06 23:19:12 CET)" executed successfully
2014-12-06 23:19:12,842:INFO:apscheduler.executors.default:Running job "start_monitor (trigger: interval[0:01:00], next run at: 2014-12-06 23:19:12 CET)" (scheduled at 2014-12-06 23:19:12.838688+01:00)
2014-12-06 23:19:15,014:INFO:apscheduler.executors.default:Job "start_monitor (trigger: interval[0:01:00], next run at: 2014-12-06 23:20:12 CET)" executed successfully
2014-12-06 23:20:12,846:INFO:apscheduler.executors.default:Running job "start_monitor (trigger: interval[0:01:00], next run at: 2014-12-06 23:21:12 CET)" (scheduled at 2014-12-06 23:20:12.838688+01:00)
2014-12-06 23:20:14,541:INFO:apscheduler.executors.default:Job "start_monitor (trigger: interval[0:01:00], next run at: 2014-12-06 23:21:12 CET)" executed successfully
2014-12-06 23:21:12,846:INFO:apscheduler.executors.default:Running job "start_monitor (trigger: interval[0:01:00], next run at: 2014-12-06 23:22:12 CET)" (scheduled at 2014-12-06 23:21:12.838688+01:00)
2014-12-06 23:21:14,118:INFO:apscheduler.executors.default:Job "start_monitor (trigger: interval[0:01:00], next run at: 2014-12-06 23:22:12 CET)" executed successfully
2014-12-06 23:22:41,736:INFO:apscheduler.executors.default:Running job "start_monitor (trigger: interval[0:01:00], next run at: 2014-12-06 23:23:41 CET)" (scheduled at 2014-12-06 23:22:41.735499+01:00)
2014-12-06 23:22:44,925:INFO:apscheduler.executors.default:Job "start_monitor (trigger: interval[0:01:00], next run at: 2014-12-06 23:23:41 CET)" executed successfully
2014-12-06 23:23:41,737:INFO:apscheduler.executors.default:Running job "start_monitor (trigger: interval[0:01:00], next run at: 2014-12-06 23:23:41 CET)" (scheduled at 2014-12-06 23:23:41.735499+01:00)
2014-12-06 23:23:43,408:INFO:apscheduler.executors.default:Job "start_monitor (trigger: interval[0:01:00], next run at: 2014-12-06 23:24:41 CET)" executed successfully
2014-12-06 23:24:55,505:INFO:apscheduler.executors.default:Running job "start_monitor (trigger: interval[0:00:06], next run at: 2014-12-06 23:25:01 CET)" (scheduled at 2014-12-06 23:24:55.502973+01:00)
2014-12-06 23:24:57,178:INFO:apscheduler.executors.default:Job "start_monitor (trigger: interval[0:00:06], next run at: 2014-12-06 23:25:01 CET)" executed successfully
2014-12-06 23:25:01,505:INFO:apscheduler.executors.default:Running job "start_monitor (trigger: interval[0:00:06], next run at: 2014-12-06 23:25:07 CET)" (scheduled at 2014-12-06 23:25:01.502973+01:00)
2014-12-06 23:25:02,870:INFO:apscheduler.executors.default:Job "start_monitor (trigger: interval[0:00:06], next run at: 2014-12-06 23:25:07 CET)" executed successfully
2014-12-06 23:25:07,505:INFO:apscheduler.executors.default:Running job "start_monitor (trigger: interval[0:00:06], next run at: 2014-12-06 23:25:07 CET)" (scheduled at 2014-12-06 23:25:07.502973+01:00)
2014-12-06 23:25:08,992:INFO:apscheduler.executors.default:Job "start_monitor (trigger: interval[0:00:06], next run at: 2014-12-06 23:25:13 CET)" executed successfully
2014-12-06 23:25:13,506:INFO:apscheduler.executors.default:Running job "start_monitor (trigger: interval[0:00:06], next run at: 2014-12-06 23:25:13 CET)" (scheduled at 2014-12-06 23:25:13.502973+01:00)
2014-12-06 23:25:15,253:INFO:apscheduler.executors.default:Job "start_monitor (trigger: interval[0:00:06], next run at: 2014-12-06 23:25:19 CET)" executed successfully
2014-12-06 23:25:19,505:INFO:apscheduler.executors.default:Running job "start_monitor (trigger: interval[0:00:06], next run at: 2014-12-06 23:25:19 CET)" (scheduled at 2014-12-06 23:25:19.502973+01:00)
2014-12-06 23:25:20,899:INFO:apscheduler.executors.default:Job "start_monitor (trigger: interval[0:00:06], next run at: 2014-12-06 23:25:25 CET)" executed successfully
2014-12-06 23:36:33,247:INFO:apscheduler.executors.default:Running job "start_monitor (trigger: interval[0:10:00], next run at: 2014-12-06 23:36:33 CET)" (scheduled at 2014-12-06 23:36:33.240952+01:00)
2014-12-06 23:36:34,984:INFO:apscheduler.executors.default:Job "start_monitor (trigger: interval[0:10:00], next run at: 2014-12-06 23:46:33 CET)" executed successfully
2014-12-06 23:46:33,244:INFO:apscheduler.executors.default:Running job "start_monitor (trigger: interval[0:10:00], next run at: 2014-12-06 23:46:33 CET)" (scheduled at 2014-12-06 23:46:33.240952+01:00)
2014-12-06 23:46:35,207:INFO:apscheduler.executors.default:Job "start_monitor (trigger: interval[0:10:00], next run at: 2014-12-06 23:56:33 CET)" executed successfully
2014-12-06 23:56:33,248:INFO:apscheduler.executors.default:Running job "start_monitor (trigger: interval[0:10:00], next run at: 2014-12-07 00:06:33 CET)" (scheduled at 2014-12-06 23:56:33.240952+01:00)
2014-12-06 23:56:35,323:INFO:apscheduler.executors.default:Job "start_monitor (trigger: interval[0:10:00], next run at: 2014-12-07 00:06:33 CET)" executed successfully
2014-12-07 00:06:33,247:INFO:apscheduler.executors.default:Running job "start_monitor (trigger: interval[0:10:00], next run at: 2014-12-07 00:16:33 CET)" (scheduled at 2014-12-07 00:06:33.240952+01:00)
2014-12-07 00:06:36,252:INFO:apscheduler.executors.default:Job "start_monitor (trigger: interval[0:10:00], next run at: 2014-12-07 00:16:33 CET)" executed successfully
2014-12-07 00:16:33,245:INFO:apscheduler.executors.default:Running job "start_monitor (trigger: interval[0:10:00], next run at: 2014-12-07 00:16:33 CET)" (scheduled at 2014-12-07 00:16:33.240952+01:00)
2014-12-07 00:16:34,894:INFO:apscheduler.executors.default:Job "start_monitor (trigger: interval[0:10:00], next run at: 2014-12-07 00:26:33 CET)" executed successfully
2014-12-07 00:26:33,244:INFO:apscheduler.executors.default:Running job "start_monitor (trigger: interval[0:10:00], next run at: 2014-12-07 00:36:33 CET)" (scheduled at 2014-12-07 00:26:33.240952+01:00)
2014-12-07 00:26:34,699:INFO:apscheduler.executors.default:Job "start_monitor (trigger: interval[0:10:00], next run at: 2014-12-07 00:36:33 CET)" executed successfully
2014-12-07 00:36:33,251:INFO:apscheduler.executors.default:Running job "start_monitor (trigger: interval[0:10:00], next run at: 2014-12-07 00:36:33 CET)" (scheduled at 2014-12-07 00:36:33.240952+01:00)
2014-12-07 00:36:34,864:INFO:apscheduler.executors.default:Job "start_monitor (trigger: interval[0:10:00], next run at: 2014-12-07 00:46:33 CET)" executed successfully
2014-12-07 00:46:33,257:INFO:apscheduler.executors.default:Running job "start_monitor (trigger: interval[0:10:00], next run at: 2014-12-07 00:56:33 CET)" (scheduled at 2014-12-07 00:46:33.240952+01:00)
2014-12-07 00:46:34,945:INFO:apscheduler.executors.default:Job "start_monitor (trigger: interval[0:10:00], next run at: 2014-12-07 00:56:33 CET)" executed successfully
2014-12-07 00:56:33,255:INFO:apscheduler.executors.default:Running job "start_monitor (trigger: interval[0:10:00], next run at: 2014-12-07 00:56:33 CET)" (scheduled at 2014-12-07 00:56:33.240952+01:00)
2014-12-07 00:56:35,471:INFO:apscheduler.executors.default:Job "start_monitor (trigger: interval[0:10:00], next run at: 2014-12-07 01:06:33 CET)" executed successfully
2014-12-07 01:06:33,248:INFO:apscheduler.executors.default:Running job "start_monitor (trigger: interval[0:10:00], next run at: 2014-12-07 01:16:33 CET)" (scheduled at 2014-12-07 01:06:33.240952+01:00)
2014-12-07 01:06:34,530:INFO:apscheduler.executors.default:Job "start_monitor (trigger: interval[0:10:00], next run at: 2014-12-07 01:16:33 CET)" executed successfully
2014-12-07 01:16:33,256:INFO:apscheduler.executors.default:Running job "start_monitor (trigger: interval[0:10:00], next run at: 2014-12-07 01:26:33 CET)" (scheduled at 2014-12-07 01:16:33.240952+01:00)
2014-12-07 01:16:35,545:INFO:apscheduler.executors.default:Job "start_monitor (trigger: interval[0:10:00], next run at: 2014-12-07 01:26:33 CET)" executed successfully
2014-12-07 01:26:33,253:INFO:apscheduler.executors.default:Running job "start_monitor (trigger: interval[0:10:00], next run at: 2014-12-07 01:36:33 CET)" (scheduled at 2014-12-07 01:26:33.240952+01:00)
2014-12-07 01:26:35,366:INFO:apscheduler.executors.default:Job "start_monitor (trigger: interval[0:10:00], next run at: 2014-12-07 01:36:33 CET)" executed successfully
2014-12-07 01:36:33,247:INFO:apscheduler.executors.default:Running job "start_monitor (trigger: interval[0:10:00], next run at: 2014-12-07 01:46:33 CET)" (scheduled at 2014-12-07 01:36:33.240952+01:00)
2014-12-07 01:36:35,734:INFO:apscheduler.executors.default:Job "start_monitor (trigger: interval[0:10:00], next run at: 2014-12-07 01:46:33 CET)" executed successfully
2014-12-07 01:46:33,248:INFO:apscheduler.executors.default:Running job "start_monitor (trigger: interval[0:10:00], next run at: 2014-12-07 01:56:33 CET)" (scheduled at 2014-12-07 01:46:33.240952+01:00)
2014-12-07 01:46:35,413:INFO:apscheduler.executors.default:Job "start_monitor (trigger: interval[0:10:00], next run at: 2014-12-07 01:56:33 CET)" executed successfully
2014-12-07 01:56:33,248:INFO:apscheduler.executors.default:Running job "start_monitor (trigger: interval[0:10:00], next run at: 2014-12-07 02:06:33 CET)" (scheduled at 2014-12-07 01:56:33.240952+01:00)
2014-12-07 01:56:34,399:INFO:apscheduler.executors.default:Job "start_monitor (trigger: interval[0:10:00], next run at: 2014-12-07 02:06:33 CET)" executed successfully
2014-12-07 02:06:33,250:INFO:apscheduler.executors.default:Running job "start_monitor (trigger: interval[0:10:00], next run at: 2014-12-07 02:16:33 CET)" (scheduled at 2014-12-07 02:06:33.240952+01:00)
2014-12-07 02:06:36,332:INFO:apscheduler.executors.default:Job "start_monitor (trigger: interval[0:10:00], next run at: 2014-12-07 02:16:33 CET)" executed successfully
2014-12-07 02:16:33,244:INFO:apscheduler.executors.default:Running job "start_monitor (trigger: interval[0:10:00], next run at: 2014-12-07 02:26:33 CET)" (scheduled at 2014-12-07 02:16:33.240952+01:00)
2014-12-07 02:16:34,495:INFO:apscheduler.executors.default:Job "start_monitor (trigger: interval[0:10:00], next run at: 2014-12-07 02:26:33 CET)" executed successfully
2014-12-07 02:26:33,260:INFO:apscheduler.executors.default:Running job "start_monitor (trigger: interval[0:10:00], next run at: 2014-12-07 02:36:33 CET)" (scheduled at 2014-12-07 02:26:33.240952+01:00)
2014-12-07 02:26:36,069:INFO:apscheduler.executors.default:Job "start_monitor (trigger: interval[0:10:00], next run at: 2014-12-07 02:36:33 CET)" executed successfully
2014-12-07 02:36:33,244:INFO:apscheduler.executors.default:Running job "start_monitor (trigger: interval[0:10:00], next run at: 2014-12-07 02:46:33 CET)" (scheduled at 2014-12-07 02:36:33.240952+01:00)
2014-12-07 02:36:35,903:INFO:apscheduler.executors.default:Job "start_monitor (trigger: interval[0:10:00], next run at: 2014-12-07 02:46:33 CET)" executed successfully
2014-12-07 02:46:33,246:INFO:apscheduler.executors.default:Running job "start_monitor (trigger: interval[0:10:00], next run at: 2014-12-07 02:56:33 CET)" (scheduled at 2014-12-07 02:46:33.240952+01:00)
2014-12-07 02:46:34,769:INFO:apscheduler.executors.default:Job "start_monitor (trigger: interval[0:10:00], next run at: 2014-12-07 02:56:33 CET)" executed successfully
2014-12-07 02:56:33,252:INFO:apscheduler.executors.default:Running job "start_monitor (trigger: interval[0:10:00], next run at: 2014-12-07 03:06:33 CET)" (scheduled at 2014-12-07 02:56:33.240952+01:00)
2014-12-07 02:56:35,019:INFO:apscheduler.executors.default:Job "start_monitor (trigger: interval[0:10:00], next run at: 2014-12-07 03:06:33 CET)" executed successfully
2014-12-07 03:06:33,253:INFO:apscheduler.executors.default:Running job "start_monitor (trigger: interval[0:10:00], next run at: 2014-12-07 03:16:33 CET)" (scheduled at 2014-12-07 03:06:33.240952+01:00)
2014-12-07 03:06:35,210:INFO:apscheduler.executors.default:Job "start_monitor (trigger: interval[0:10:00], next run at: 2014-12-07 03:16:33 CET)" executed successfully
2014-12-07 03:16:33,243:INFO:apscheduler.executors.default:Running job "start_monitor (trigger: interval[0:10:00], next run at: 2014-12-07 03:26:33 CET)" (scheduled at 2014-12-07 03:16:33.240952+01:00)
2014-12-07 03:16:34,965:INFO:apscheduler.executors.default:Job "start_monitor (trigger: interval[0:10:00], next run at: 2014-12-07 03:26:33 CET)" executed successfully
2014-12-07 03:26:33,247:INFO:apscheduler.executors.default:Running job "start_monitor (trigger: interval[0:10:00], next run at: 2014-12-07 03:36:33 CET)" (scheduled at 2014-12-07 03:26:33.240952+01:00)
2014-12-07 03:26:35,018:INFO:apscheduler.executors.default:Job "start_monitor (trigger: interval[0:10:00], next run at: 2014-12-07 03:36:33 CET)" executed successfully
2014-12-07 03:36:33,249:INFO:apscheduler.executors.default:Running job "start_monitor (trigger: interval[0:10:00], next run at: 2014-12-07 03:46:33 CET)" (scheduled at 2014-12-07 03:36:33.240952+01:00)
2014-12-07 03:36:34,870:INFO:apscheduler.executors.default:Job "start_monitor (trigger: interval[0:10:00], next run at: 2014-12-07 03:46:33 CET)" executed successfully
2014-12-07 03:46:33,251:INFO:apscheduler.executors.default:Running job "start_monitor (trigger: interval[0:10:00], next run at: 2014-12-07 03:56:33 CET)" (scheduled at 2014-12-07 03:46:33.240952+01:00)
2014-12-07 03:46:34,668:INFO:apscheduler.executors.default:Job "start_monitor (trigger: interval[0:10:00], next run at: 2014-12-07 03:56:33 CET)" executed successfully
2014-12-07 03:56:33,245:INFO:apscheduler.executors.default:Running job "start_monitor (trigger: interval[0:10:00], next run at: 2014-12-07 04:06:33 CET)" (scheduled at 2014-12-07 03:56:33.240952+01:00)
2014-12-07 03:56:34,552:INFO:apscheduler.executors.default:Job "start_monitor (trigger: interval[0:10:00], next run at: 2014-12-07 04:06:33 CET)" executed successfully
2014-12-07 04:06:33,248:INFO:apscheduler.executors.default:Running job "start_monitor (trigger: interval[0:10:00], next run at: 2014-12-07 04:16:33 CET)" (scheduled at 2014-12-07 04:06:33.240952+01:00)
2014-12-07 04:06:35,017:INFO:apscheduler.executors.default:Job "start_monitor (trigger: interval[0:10:00], next run at: 2014-12-07 04:16:33 CET)" executed successfully
2014-12-07 04:16:33,248:INFO:apscheduler.executors.default:Running job "start_monitor (trigger: interval[0:10:00], next run at: 2014-12-07 04:26:33 CET)" (scheduled at 2014-12-07 04:16:33.240952+01:00)
2014-12-07 04:16:34,709:INFO:apscheduler.executors.default:Job "start_monitor (trigger: interval[0:10:00], next run at: 2014-12-07 04:26:33 CET)" executed successfully
2014-12-07 04:26:33,256:INFO:apscheduler.executors.default:Running job "start_monitor (trigger: interval[0:10:00], next run at: 2014-12-07 04:26:33 CET)" (scheduled at 2014-12-07 04:26:33.240952+01:00)
2014-12-07 04:26:35,602:INFO:apscheduler.executors.default:Job "start_monitor (trigger: interval[0:10:00], next run at: 2014-12-07 04:36:33 CET)" executed successfully
2014-12-07 04:36:33,251:INFO:apscheduler.executors.default:Running job "start_monitor (trigger: interval[0:10:00], next run at: 2014-12-07 04:46:33 CET)" (scheduled at 2014-12-07 04:36:33.240952+01:00)
2014-12-07 04:36:34,971:INFO:apscheduler.executors.default:Job "start_monitor (trigger: interval[0:10:00], next run at: 2014-12-07 04:46:33 CET)" executed successfully
2014-12-07 04:46:33,246:INFO:apscheduler.executors.default:Running job "start_monitor (trigger: interval[0:10:00], next run at: 2014-12-07 04:56:33 CET)" (scheduled at 2014-12-07 04:46:33.240952+01:00)
2014-12-07 04:46:34,647:INFO:apscheduler.executors.default:Job "start_monitor (trigger: interval[0:10:00], next run at: 2014-12-07 04:56:33 CET)" executed successfully
2014-12-07 04:56:33,247:INFO:apscheduler.executors.default:Running job "start_monitor (trigger: interval[0:10:00], next run at: 2014-12-07 05:06:33 CET)" (scheduled at 2014-12-07 04:56:33.240952+01:00)
2014-12-07 04:56:35,193:INFO:apscheduler.executors.default:Job "start_monitor (trigger: interval[0:10:00], next run at: 2014-12-07 05:06:33 CET)" executed successfully
2014-12-07 05:06:33,244:INFO:apscheduler.executors.default:Running job "start_monitor (trigger: interval[0:10:00], next run at: 2014-12-07 05:16:33 CET)" (scheduled at 2014-12-07 05:06:33.240952+01:00)
2014-12-07 05:06:34,375:INFO:apscheduler.executors.default:Job "start_monitor (trigger: interval[0:10:00], next run at: 2014-12-07 05:16:33 CET)" executed successfully
2014-12-07 05:16:33,242:INFO:apscheduler.executors.default:Running job "start_monitor (trigger: interval[0:10:00], next run at: 2014-12-07 05:26:33 CET)" (scheduled at 2014-12-07 05:16:33.240952+01:00)
2014-12-07 05:16:36,081:INFO:apscheduler.executors.default:Job "start_monitor (trigger: interval[0:10:00], next run at: 2014-12-07 05:26:33 CET)" executed successfully
2014-12-07 05:26:33,252:INFO:apscheduler.executors.default:Running job "start_monitor (trigger: interval[0:10:00], next run at: 2014-12-07 05:36:33 CET)" (scheduled at 2014-12-07 05:26:33.240952+01:00)
2014-12-07 05:26:34,822:INFO:apscheduler.executors.default:Job "start_monitor (trigger: interval[0:10:00], next run at: 2014-12-07 05:36:33 CET)" executed successfully
2014-12-07 05:36:33,245:INFO:apscheduler.executors.default:Running job "start_monitor (trigger: interval[0:10:00], next run at: 2014-12-07 05:46:33 CET)" (scheduled at 2014-12-07 05:36:33.240952+01:00)
2014-12-07 05:36:34,599:INFO:apscheduler.executors.default:Job "start_monitor (trigger: interval[0:10:00], next run at: 2014-12-07 05:46:33 CET)" executed successfully
2014-12-07 05:46:33,246:INFO:apscheduler.executors.default:Running job "start_monitor (trigger: interval[0:10:00], next run at: 2014-12-07 05:56:33 CET)" (scheduled at 2014-12-07 05:46:33.240952+01:00)
2014-12-07 05:46:35,177:INFO:apscheduler.executors.default:Job "start_monitor (trigger: interval[0:10:00], next run at: 2014-12-07 05:56:33 CET)" executed successfully
2014-12-07 05:56:33,243:INFO:apscheduler.executors.default:Running job "start_monitor (trigger: interval[0:10:00], next run at: 2014-12-07 06:06:33 CET)" (scheduled at 2014-12-07 05:56:33.240952+01:00)
2014-12-07 05:56:35,110:INFO:apscheduler.executors.default:Job "start_monitor (trigger: interval[0:10:00], next run at: 2014-12-07 06:06:33 CET)" executed successfully
2014-12-07 06:06:33,243:INFO:apscheduler.executors.default:Running job "start_monitor (trigger: interval[0:10:00], next run at: 2014-12-07 06:16:33 CET)" (scheduled at 2014-12-07 06:06:33.240952+01:00)
2014-12-07 06:06:34,756:INFO:apscheduler.executors.default:Job "start_monitor (trigger: interval[0:10:00], next run at: 2014-12-07 06:16:33 CET)" executed successfully
2014-12-07 06:16:33,244:INFO:apscheduler.executors.default:Running job "start_monitor (trigger: interval[0:10:00], next run at: 2014-12-07 06:26:33 CET)" (scheduled at 2014-12-07 06:16:33.240952+01:00)
2014-12-07 06:16:34,750:INFO:apscheduler.executors.default:Job "start_monitor (trigger: interval[0:10:00], next run at: 2014-12-07 06:26:33 CET)" executed successfully
2014-12-07 06:26:33,250:INFO:apscheduler.executors.default:Running job "start_monitor (trigger: interval[0:10:00], next run at: 2014-12-07 06:36:33 CET)" (scheduled at 2014-12-07 06:26:33.240952+01:00)
2014-12-07 06:26:34,608:INFO:apscheduler.executors.default:Job "start_monitor (trigger: interval[0:10:00], next run at: 2014-12-07 06:36:33 CET)" executed successfully
2014-12-07 06:36:33,251:INFO:apscheduler.executors.default:Running job "start_monitor (trigger: interval[0:10:00], next run at: 2014-12-07 06:46:33 CET)" (scheduled at 2014-12-07 06:36:33.240952+01:00)
2014-12-07 06:36:35,282:INFO:apscheduler.executors.default:Job "start_monitor (trigger: interval[0:10:00], next run at: 2014-12-07 06:46:33 CET)" executed successfully
2014-12-07 06:46:33,252:INFO:apscheduler.executors.default:Running job "start_monitor (trigger: interval[0:10:00], next run at: 2014-12-07 06:56:33 CET)" (scheduled at 2014-12-07 06:46:33.240952+01:00)
2014-12-07 06:46:36,040:INFO:apscheduler.executors.default:Job "start_monitor (trigger: interval[0:10:00], next run at: 2014-12-07 06:56:33 CET)" executed successfully
2014-12-07 06:56:33,244:INFO:apscheduler.executors.default:Running job "start_monitor (trigger: interval[0:10:00], next run at: 2014-12-07 07:06:33 CET)" (scheduled at 2014-12-07 06:56:33.240952+01:00)
2014-12-07 06:56:34,605:INFO:apscheduler.executors.default:Job "start_monitor (trigger: interval[0:10:00], next run at: 2014-12-07 07:06:33 CET)" executed successfully
2014-12-07 07:06:33,243:INFO:apscheduler.executors.default:Running job "start_monitor (trigger: interval[0:10:00], next run at: 2014-12-07 07:16:33 CET)" (scheduled at 2014-12-07 07:06:33.240952+01:00)
2014-12-07 07:06:35,477:INFO:apscheduler.executors.default:Job "start_monitor (trigger: interval[0:10:00], next run at: 2014-12-07 07:16:33 CET)" executed successfully
2014-12-07 07:16:33,246:INFO:apscheduler.executors.default:Running job "start_monitor (trigger: interval[0:10:00], next run at: 2014-12-07 07:26:33 CET)" (scheduled at 2014-12-07 07:16:33.240952+01:00)
2014-12-07 07:16:35,593:INFO:apscheduler.executors.default:Job "start_monitor (trigger: interval[0:10:00], next run at: 2014-12-07 07:26:33 CET)" executed successfully
2014-12-07 07:26:33,248:INFO:apscheduler.executors.default:Running job "start_monitor (trigger: interval[0:10:00], next run at: 2014-12-07 07:36:33 CET)" (scheduled at 2014-12-07 07:26:33.240952+01:00)
2014-12-07 07:26:34,676:INFO:apscheduler.executors.default:Job "start_monitor (trigger: interval[0:10:00], next run at: 2014-12-07 07:36:33 CET)" executed successfully
2014-12-07 07:36:33,250:INFO:apscheduler.executors.default:Running job "start_monitor (trigger: interval[0:10:00], next run at: 2014-12-07 07:46:33 CET)" (scheduled at 2014-12-07 07:36:33.240952+01:00)
2014-12-07 07:36:34,851:INFO:apscheduler.executors.default:Job "start_monitor (trigger: interval[0:10:00], next run at: 2014-12-07 07:46:33 CET)" executed successfully
2014-12-07 07:46:33,247:INFO:apscheduler.executors.default:Running job "start_monitor (trigger: interval[0:10:00], next run at: 2014-12-07 07:56:33 CET)" (scheduled at 2014-12-07 07:46:33.240952+01:00)
2014-12-07 07:46:35,885:INFO:apscheduler.executors.default:Job "start_monitor (trigger: interval[0:10:00], next run at: 2014-12-07 07:56:33 CET)" executed successfully
2014-12-07 07:56:33,243:INFO:apscheduler.executors.default:Running job "start_monitor (trigger: interval[0:10:00], next run at: 2014-12-07 08:06:33 CET)" (scheduled at 2014-12-07 07:56:33.240952+01:00)
2014-12-07 07:56:34,460:INFO:apscheduler.executors.default:Job "start_monitor (trigger: interval[0:10:00], next run at: 2014-12-07 08:06:33 CET)" executed successfully
2014-12-07 08:06:33,244:INFO:apscheduler.executors.default:Running job "start_monitor (trigger: interval[0:10:00], next run at: 2014-12-07 08:16:33 CET)" (scheduled at 2014-12-07 08:06:33.240952+01:00)
2014-12-07 08:06:34,742:INFO:apscheduler.executors.default:Job "start_monitor (trigger: interval[0:10:00], next run at: 2014-12-07 08:16:33 CET)" executed successfully
2014-12-07 08:16:33,252:INFO:apscheduler.executors.default:Running job "start_monitor (trigger: interval[0:10:00], next run at: 2014-12-07 08:26:33 CET)" (scheduled at 2014-12-07 08:16:33.240952+01:00)
2014-12-07 08:16:35,365:INFO:apscheduler.executors.default:Job "start_monitor (trigger: interval[0:10:00], next run at: 2014-12-07 08:26:33 CET)" executed successfully
2014-12-07 08:26:33,252:INFO:apscheduler.executors.default:Running job "start_monitor (trigger: interval[0:10:00], next run at: 2014-12-07 08:36:33 CET)" (scheduled at 2014-12-07 08:26:33.240952+01:00)
2014-12-07 08:26:35,391:INFO:apscheduler.executors.default:Job "start_monitor (trigger: interval[0:10:00], next run at: 2014-12-07 08:36:33 CET)" executed successfully
2014-12-07 08:36:33,244:INFO:apscheduler.executors.default:Running job "start_monitor (trigger: interval[0:10:00], next run at: 2014-12-07 08:46:33 CET)" (scheduled at 2014-12-07 08:36:33.240952+01:00)
2014-12-07 08:36:34,623:INFO:apscheduler.executors.default:Job "start_monitor (trigger: interval[0:10:00], next run at: 2014-12-07 08:46:33 CET)" executed successfully
2014-12-07 08:46:33,252:INFO:apscheduler.executors.default:Running job "start_monitor (trigger: interval[0:10:00], next run at: 2014-12-07 08:56:33 CET)" (scheduled at 2014-12-07 08:46:33.240952+01:00)
2014-12-07 08:46:34,525:INFO:apscheduler.executors.default:Job "start_monitor (trigger: interval[0:10:00], next run at: 2014-12-07 08:56:33 CET)" executed successfully
2014-12-07 08:56:33,251:INFO:apscheduler.executors.default:Running job "start_monitor (trigger: interval[0:10:00], next run at: 2014-12-07 09:06:33 CET)" (scheduled at 2014-12-07 08:56:33.240952+01:00)
2014-12-07 08:56:34,675:INFO:apscheduler.executors.default:Job "start_monitor (trigger: interval[0:10:00], next run at: 2014-12-07 09:06:33 CET)" executed successfully
2014-12-07 09:06:33,249:INFO:apscheduler.executors.default:Running job "start_monitor (trigger: interval[0:10:00], next run at: 2014-12-07 09:16:33 CET)" (scheduled at 2014-12-07 09:06:33.240952+01:00)
2014-12-07 09:06:35,059:INFO:apscheduler.executors.default:Job "start_monitor (trigger: interval[0:10:00], next run at: 2014-12-07 09:16:33 CET)" executed successfully
2014-12-07 09:16:33,249:INFO:apscheduler.executors.default:Running job "start_monitor (trigger: interval[0:10:00], next run at: 2014-12-07 09:26:33 CET)" (scheduled at 2014-12-07 09:16:33.240952+01:00)
2014-12-07 09:16:34,995:INFO:apscheduler.executors.default:Job "start_monitor (trigger: interval[0:10:00], next run at: 2014-12-07 09:26:33 CET)" executed successfully
2014-12-07 09:26:33,252:INFO:apscheduler.executors.default:Running job "start_monitor (trigger: interval[0:10:00], next run at: 2014-12-07 09:36:33 CET)" (scheduled at 2014-12-07 09:26:33.240952+01:00)
2014-12-07 09:26:34,680:INFO:apscheduler.executors.default:Job "start_monitor (trigger: interval[0:10:00], next run at: 2014-12-07 09:36:33 CET)" executed successfully
2014-12-07 09:36:33,251:INFO:apscheduler.executors.default:Running job "start_monitor (trigger: interval[0:10:00], next run at: 2014-12-07 09:46:33 CET)" (scheduled at 2014-12-07 09:36:33.240952+01:00)
2014-12-07 09:36:35,185:INFO:apscheduler.executors.default:Job "start_monitor (trigger: interval[0:10:00], next run at: 2014-12-07 09:46:33 CET)" executed successfully
2014-12-07 09:46:33,246:INFO:apscheduler.executors.default:Running job "start_monitor (trigger: interval[0:10:00], next run at: 2014-12-07 09:56:33 CET)" (scheduled at 2014-12-07 09:46:33.240952+01:00)
2014-12-07 09:46:35,114:INFO:apscheduler.executors.default:Job "start_monitor (trigger: interval[0:10:00], next run at: 2014-12-07 09:56:33 CET)" executed successfully
2014-12-07 09:56:33,247:INFO:apscheduler.executors.default:Running job "start_monitor (trigger: interval[0:10:00], next run at: 2014-12-07 10:06:33 CET)" (scheduled at 2014-12-07 09:56:33.240952+01:00)
2014-12-07 09:56:35,319:INFO:apscheduler.executors.default:Job "start_monitor (trigger: interval[0:10:00], next run at: 2014-12-07 10:06:33 CET)" executed successfully
2014-12-07 10:06:33,252:INFO:apscheduler.executors.default:Running job "start_monitor (trigger: interval[0:10:00], next run at: 2014-12-07 10:16:33 CET)" (scheduled at 2014-12-07 10:06:33.240952+01:00)
2014-12-07 10:06:39,998:INFO:apscheduler.executors.default:Job "start_monitor (trigger: interval[0:10:00], next run at: 2014-12-07 10:16:33 CET)" executed successfully
2014-12-07 10:16:33,245:INFO:apscheduler.executors.default:Running job "start_monitor (trigger: interval[0:10:00], next run at: 2014-12-07 10:26:33 CET)" (scheduled at 2014-12-07 10:16:33.240952+01:00)
2014-12-07 10:16:34,826:INFO:apscheduler.executors.default:Job "start_monitor (trigger: interval[0:10:00], next run at: 2014-12-07 10:26:33 CET)" executed successfully
2014-12-07 10:26:33,255:INFO:apscheduler.executors.default:Running job "start_monitor (trigger: interval[0:10:00], next run at: 2014-12-07 10:36:33 CET)" (scheduled at 2014-12-07 10:26:33.240952+01:00)
2014-12-07 10:26:34,935:INFO:apscheduler.executors.default:Job "start_monitor (trigger: interval[0:10:00], next run at: 2014-12-07 10:36:33 CET)" executed successfully
2014-12-07 10:36:33,254:INFO:apscheduler.executors.default:Running job "start_monitor (trigger: interval[0:10:00], next run at: 2014-12-07 10:46:33 CET)" (scheduled at 2014-12-07 10:36:33.240952+01:00)
2014-12-07 10:36:35,825:INFO:apscheduler.executors.default:Job "start_monitor (trigger: interval[0:10:00], next run at: 2014-12-07 10:46:33 CET)" executed successfully
2014-12-07 10:46:33,242:INFO:apscheduler.executors.default:Running job "start_monitor (trigger: interval[0:10:00], next run at: 2014-12-07 10:56:33 CET)" (scheduled at 2014-12-07 10:46:33.240952+01:00)
2014-12-07 10:46:35,273:INFO:apscheduler.executors.default:Job "start_monitor (trigger: interval[0:10:00], next run at: 2014-12-07 10:56:33 CET)" executed successfully
2014-12-07 10:56:33,246:INFO:apscheduler.executors.default:Running job "start_monitor (trigger: interval[0:10:00], next run at: 2014-12-07 11:06:33 CET)" (scheduled at 2014-12-07 10:56:33.240952+01:00)
2014-12-07 10:56:36,103:INFO:apscheduler.executors.default:Job "start_monitor (trigger: interval[0:10:00], next run at: 2014-12-07 11:06:33 CET)" executed successfully
2014-12-07 11:06:33,244:INFO:apscheduler.executors.default:Running job "start_monitor (trigger: interval[0:10:00], next run at: 2014-12-07 11:16:33 CET)" (scheduled at 2014-12-07 11:06:33.240952+01:00)
2014-12-07 11:06:34,820:INFO:apscheduler.executors.default:Job "start_monitor (trigger: interval[0:10:00], next run at: 2014-12-07 11:16:33 CET)" executed successfully
2014-12-07 11:12:14,044:INFO:apscheduler.executors.default:Running job "start_monitor (trigger: interval[0:01:00], next run at: 2014-12-07 11:13:14 CET)" (scheduled at 2014-12-07 11:12:14.039748+01:00)
2014-12-07 11:12:15,637:INFO:apscheduler.executors.default:Job "start_monitor (trigger: interval[0:01:00], next run at: 2014-12-07 11:13:14 CET)" executed successfully
2014-12-07 11:13:14,042:INFO:apscheduler.executors.default:Running job "start_monitor (trigger: interval[0:01:00], next run at: 2014-12-07 11:13:14 CET)" (scheduled at 2014-12-07 11:13:14.039748+01:00)
2014-12-07 11:13:16,307:INFO:apscheduler.executors.default:Job "start_monitor (trigger: interval[0:01:00], next run at: 2014-12-07 11:14:14 CET)" executed successfully
2014-12-07 11:14:14,043:INFO:apscheduler.executors.default:Running job "start_monitor (trigger: interval[0:01:00], next run at: 2014-12-07 11:14:14 CET)" (scheduled at 2014-12-07 11:14:14.039748+01:00)
2014-12-07 11:14:15,929:INFO:apscheduler.executors.default:Job "start_monitor (trigger: interval[0:01:00], next run at: 2014-12-07 11:15:14 CET)" executed successfully
2014-12-07 11:15:14,044:INFO:apscheduler.executors.default:Running job "start_monitor (trigger: interval[0:01:00], next run at: 2014-12-07 11:16:14 CET)" (scheduled at 2014-12-07 11:15:14.039748+01:00)
2014-12-07 11:15:15,796:INFO:apscheduler.executors.default:Job "start_monitor (trigger: interval[0:01:00], next run at: 2014-12-07 11:16:14 CET)" executed successfully
2014-12-07 11:16:14,046:INFO:apscheduler.executors.default:Running job "start_monitor (trigger: interval[0:01:00], next run at: 2014-12-07 11:17:14 CET)" (scheduled at 2014-12-07 11:16:14.039748+01:00)
2014-12-07 11:16:16,362:INFO:apscheduler.executors.default:Job "start_monitor (trigger: interval[0:01:00], next run at: 2014-12-07 11:17:14 CET)" executed successfully
2014-12-07 11:17:14,043:INFO:apscheduler.executors.default:Running job "start_monitor (trigger: interval[0:01:00], next run at: 2014-12-07 11:18:14 CET)" (scheduled at 2014-12-07 11:17:14.039748+01:00)
2014-12-07 11:17:15,171:INFO:apscheduler.executors.default:Job "start_monitor (trigger: interval[0:01:00], next run at: 2014-12-07 11:18:14 CET)" executed successfully
2014-12-07 11:18:14,048:INFO:apscheduler.executors.default:Running job "start_monitor (trigger: interval[0:01:00], next run at: 2014-12-07 11:18:14 CET)" (scheduled at 2014-12-07 11:18:14.039748+01:00)
2014-12-07 11:18:16,047:INFO:apscheduler.executors.default:Job "start_monitor (trigger: interval[0:01:00], next run at: 2014-12-07 11:19:14 CET)" executed successfully
2014-12-07 11:19:14,052:INFO:apscheduler.executors.default:Running job "start_monitor (trigger: interval[0:01:00], next run at: 2014-12-07 11:20:14 CET)" (scheduled at 2014-12-07 11:19:14.039748+01:00)
2014-12-07 11:19:15,233:INFO:apscheduler.executors.default:Job "start_monitor (trigger: interval[0:01:00], next run at: 2014-12-07 11:20:14 CET)" executed successfully
2014-12-07 11:20:14,042:INFO:apscheduler.executors.default:Running job "start_monitor (trigger: interval[0:01:00], next run at: 2014-12-07 11:21:14 CET)" (scheduled at 2014-12-07 11:20:14.039748+01:00)
2014-12-07 11:20:15,572:INFO:apscheduler.executors.default:Job "start_monitor (trigger: interval[0:01:00], next run at: 2014-12-07 11:21:14 CET)" executed successfully
2014-12-07 11:21:14,045:INFO:apscheduler.executors.default:Running job "start_monitor (trigger: interval[0:01:00], next run at: 2014-12-07 11:22:14 CET)" (scheduled at 2014-12-07 11:21:14.039748+01:00)
2014-12-07 11:21:15,552:INFO:apscheduler.executors.default:Job "start_monitor (trigger: interval[0:01:00], next run at: 2014-12-07 11:22:14 CET)" executed successfully
2014-12-07 11:22:14,054:INFO:apscheduler.executors.default:Running job "start_monitor (trigger: interval[0:01:00], next run at: 2014-12-07 11:23:14 CET)" (scheduled at 2014-12-07 11:22:14.039748+01:00)
2014-12-07 11:22:15,468:ERROR:apscheduler.executors.default:Job "start_monitor (trigger: interval[0:01:00], next run at: 2014-12-07 11:23:14 CET)" raised an exception
Traceback (most recent call last):
  File "/Library/Python/2.7/site-packages/apscheduler/executors/base.py", line 108, in run_job
    retval = job.func(*job.args, **job.kwargs)
  File "web_monitor.py", line 76, in start_monitor
    web_mntr.run()
  File "web_monitor.py", line 39, in run
    self.check_alerts()
  File "web_monitor.py", line 56, in check_alerts
    self.send_alert(item,handler_obj)
  File "web_monitor.py", line 71, in send_alert
    notifier.send_notification(receiver,item["descritpion"],notification_info)
KeyError: 'descritpion'
2014-12-07 11:23:14,042:INFO:apscheduler.executors.default:Running job "start_monitor (trigger: interval[0:01:00], next run at: 2014-12-07 11:24:14 CET)" (scheduled at 2014-12-07 11:23:14.039748+01:00)
2014-12-07 11:23:15,415:INFO:apscheduler.executors.default:Job "start_monitor (trigger: interval[0:01:00], next run at: 2014-12-07 11:24:14 CET)" executed successfully
2014-12-07 11:24:14,046:INFO:apscheduler.executors.default:Running job "start_monitor (trigger: interval[0:01:00], next run at: 2014-12-07 11:25:14 CET)" (scheduled at 2014-12-07 11:24:14.039748+01:00)
2014-12-07 11:24:15,426:INFO:apscheduler.executors.default:Job "start_monitor (trigger: interval[0:01:00], next run at: 2014-12-07 11:25:14 CET)" executed successfully
2014-12-07 11:27:16,134:INFO:apscheduler.executors.default:Running job "start_monitor (trigger: interval[0:01:00], next run at: 2014-12-07 11:27:16 CET)" (scheduled at 2014-12-07 11:27:16.129696+01:00)
2014-12-07 11:27:17,689:INFO:apscheduler.executors.default:Job "start_monitor (trigger: interval[0:01:00], next run at: 2014-12-07 11:28:16 CET)" executed successfully
2014-12-07 11:28:16,134:INFO:apscheduler.executors.default:Running job "start_monitor (trigger: interval[0:01:00], next run at: 2014-12-07 11:28:16 CET)" (scheduled at 2014-12-07 11:28:16.129696+01:00)
2014-12-07 11:28:17,300:INFO:apscheduler.executors.default:Job "start_monitor (trigger: interval[0:01:00], next run at: 2014-12-07 11:29:16 CET)" executed successfully
2014-12-07 11:29:16,132:INFO:apscheduler.executors.default:Running job "start_monitor (trigger: interval[0:01:00], next run at: 2014-12-07 11:29:16 CET)" (scheduled at 2014-12-07 11:29:16.129696+01:00)
2014-12-07 11:29:18,621:INFO:apscheduler.executors.default:Job "start_monitor (trigger: interval[0:01:00], next run at: 2014-12-07 11:30:16 CET)" executed successfully
2014-12-07 11:30:16,135:INFO:apscheduler.executors.default:Running job "start_monitor (trigger: interval[0:01:00], next run at: 2014-12-07 11:30:16 CET)" (scheduled at 2014-12-07 11:30:16.129696+01:00)
2014-12-07 11:30:18,732:INFO:apscheduler.executors.default:Job "start_monitor (trigger: interval[0:01:00], next run at: 2014-12-07 11:31:16 CET)" executed successfully
2014-12-07 11:32:07,375:INFO:apscheduler.executors.default:Running job "start_monitor (trigger: interval[0:01:00], next run at: 2014-12-07 11:32:07 CET)" (scheduled at 2014-12-07 11:32:07.371050+01:00)
2014-12-07 11:32:09,802:ERROR:apscheduler.executors.default:Job "start_monitor (trigger: interval[0:01:00], next run at: 2014-12-07 11:33:07 CET)" raised an exception
Traceback (most recent call last):
  File "/Library/Python/2.7/site-packages/apscheduler/executors/base.py", line 108, in run_job
    retval = job.func(*job.args, **job.kwargs)
  File "web_monitor.py", line 78, in start_monitor
    web_mntr.run()
  File "web_monitor.py", line 39, in run
    self.check_alerts()
  File "web_monitor.py", line 56, in check_alerts
    self.send_alert(item,handler_obj)
  File "web_monitor.py", line 71, in send_alert
    notifier.send_notification(receiver,item["description"],notification_info)
  File "/Users/cynthia/LeBonCoinAlert/web_monitor/notifier.py", line 17, in send_notification
    notifier(receiver,subject,message)
TypeError: 'str' object is not callable
2014-12-07 11:35:33,396:INFO:apscheduler.executors.default:Running job "start_monitor (trigger: interval[0:01:00], next run at: 2014-12-07 11:35:33 CET)" (scheduled at 2014-12-07 11:35:33.391568+01:00)
2014-12-07 11:35:35,422:ERROR:apscheduler.executors.default:Job "start_monitor (trigger: interval[0:01:00], next run at: 2014-12-07 11:36:33 CET)" raised an exception
Traceback (most recent call last):
  File "/Library/Python/2.7/site-packages/apscheduler/executors/base.py", line 108, in run_job
    retval = job.func(*job.args, **job.kwargs)
  File "web_monitor.py", line 80, in start_monitor
    web_mntr.run()
  File "web_monitor.py", line 39, in run
    self.check_alerts()
  File "web_monitor.py", line 56, in check_alerts
    self.send_alert(item,handler_obj)
  File "web_monitor.py", line 71, in send_alert
    rootlogger.info("send alert :"+receiver)
TypeError: cannot concatenate 'str' and 'dict' objects
2014-12-07 11:39:25,344:INFO:apscheduler.executors.default:Running job "start_monitor (trigger: interval[0:01:00], next run at: 2014-12-07 11:40:25 CET)" (scheduled at 2014-12-07 11:39:25.343140+01:00)
2014-12-07 11:39:27,071:ERROR:apscheduler.executors.default:Job "start_monitor (trigger: interval[0:01:00], next run at: 2014-12-07 11:40:25 CET)" raised an exception
Traceback (most recent call last):
  File "/Library/Python/2.7/site-packages/apscheduler/executors/base.py", line 108, in run_job
    retval = job.func(*job.args, **job.kwargs)
  File "web_monitor.py", line 80, in start_monitor
    web_mntr.run()
  File "web_monitor.py", line 39, in run
    self.check_alerts()
  File "web_monitor.py", line 56, in check_alerts
    self.send_alert(item,handler_obj)
  File "web_monitor.py", line 71, in send_alert
    rootlogger.info("send alert :"+notification_item)
NameError: global name 'notification_item' is not defined
2014-12-07 11:41:04,574:INFO:apscheduler.executors.default:Running job "start_monitor (trigger: interval[0:01:00], next run at: 2014-12-07 11:41:04 CET)" (scheduled at 2014-12-07 11:41:04.570790+01:00)
2014-12-07 11:41:06,419:ERROR:apscheduler.executors.default:Job "start_monitor (trigger: interval[0:01:00], next run at: 2014-12-07 11:42:04 CET)" raised an exception
Traceback (most recent call last):
  File "/Library/Python/2.7/site-packages/apscheduler/executors/base.py", line 108, in run_job
    retval = job.func(*job.args, **job.kwargs)
  File "web_monitor.py", line 80, in start_monitor
    web_mntr.run()
  File "web_monitor.py", line 39, in run
    self.check_alerts()
  File "web_monitor.py", line 56, in check_alerts
    self.send_alert(item,handler_obj)
  File "web_monitor.py", line 71, in send_alert
    rootlogger.info("send alert :"+notification_info)
TypeError: cannot concatenate 'str' and 'list' objects
2014-12-07 11:44:09,543:INFO:apscheduler.executors.default:Running job "start_monitor (trigger: interval[0:01:00], next run at: 2014-12-07 11:44:09 CET)" (scheduled at 2014-12-07 11:44:09.537411+01:00)
2014-12-07 11:44:11,255:ERROR:apscheduler.executors.default:Job "start_monitor (trigger: interval[0:01:00], next run at: 2014-12-07 11:45:09 CET)" raised an exception
Traceback (most recent call last):
  File "/Library/Python/2.7/site-packages/apscheduler/executors/base.py", line 108, in run_job
    retval = job.func(*job.args, **job.kwargs)
  File "web_monitor.py", line 82, in start_monitor
    web_mntr.run()
  File "web_monitor.py", line 39, in run
    self.check_alerts()
  File "web_monitor.py", line 56, in check_alerts
    self.send_alert(item,handler_obj)
  File "web_monitor.py", line 73, in send_alert
    rootlogger.info("send alert :"+notification_info)
TypeError: cannot concatenate 'str' and 'list' objects
2014-12-07 11:45:36,682:INFO:apscheduler.executors.default:Running job "start_monitor (trigger: interval[0:01:00], next run at: 2014-12-07 11:45:36 CET)" (scheduled at 2014-12-07 11:45:36.676539+01:00)
2014-12-07 11:45:38,407:ERROR:apscheduler.executors.default:Job "start_monitor (trigger: interval[0:01:00], next run at: 2014-12-07 11:46:36 CET)" raised an exception
Traceback (most recent call last):
  File "/Library/Python/2.7/site-packages/apscheduler/executors/base.py", line 108, in run_job
    retval = job.func(*job.args, **job.kwargs)
  File "web_monitor.py", line 80, in start_monitor
    web_mntr.run()
  File "web_monitor.py", line 39, in run
    self.check_alerts()
  File "web_monitor.py", line 56, in check_alerts
    self.send_alert(item,handler_obj)
  File "web_monitor.py", line 73, in send_alert
    notifier.send_notification(receiver,item["description"],str(notification_info))
  File "/Users/cynthia/LeBonCoinAlert/web_monitor/notifier.py", line 20, in send_notification
    notfiers[notifier](receiver,subject,message)
NameError: global name 'notfiers' is not defined
2014-12-07 11:47:23,993:INFO:apscheduler.executors.default:Running job "start_monitor (trigger: interval[0:01:00], next run at: 2014-12-07 11:47:23 CET)" (scheduled at 2014-12-07 11:47:23.990631+01:00)
2014-12-07 11:47:25,472:ERROR:apscheduler.executors.default:Job "start_monitor (trigger: interval[0:01:00], next run at: 2014-12-07 11:48:23 CET)" raised an exception
Traceback (most recent call last):
  File "/Library/Python/2.7/site-packages/apscheduler/executors/base.py", line 108, in run_job
    retval = job.func(*job.args, **job.kwargs)
  File "web_monitor.py", line 80, in start_monitor
    web_mntr.run()
  File "web_monitor.py", line 39, in run
    self.check_alerts()
  File "web_monitor.py", line 56, in check_alerts
    self.send_alert(item,handler_obj)
  File "web_monitor.py", line 73, in send_alert
    notifier.send_notification(receiver,item["description"],str(notification_info))
  File "/Users/cynthia/LeBonCoinAlert/web_monitor/notifier.py", line 20, in send_notification
    notifiers[notifier](receiver,subject,message)
  File "/Users/cynthia/LeBonCoinAlert/web_monitor/notifier.py", line 8, in gmail_notify
    subject = notfication["name"]
NameError: global name 'notfication' is not defined
2014-12-07 11:48:35,586:INFO:apscheduler.executors.default:Running job "start_monitor (trigger: interval[0:00:20], next run at: 2014-12-07 11:48:35 CET)" (scheduled at 2014-12-07 11:48:35.585228+01:00)
2014-12-07 11:48:37,248:ERROR:apscheduler.executors.default:Job "start_monitor (trigger: interval[0:00:20], next run at: 2014-12-07 11:48:55 CET)" raised an exception
Traceback (most recent call last):
  File "/Library/Python/2.7/site-packages/apscheduler/executors/base.py", line 108, in run_job
    retval = job.func(*job.args, **job.kwargs)
  File "web_monitor.py", line 80, in start_monitor
    web_mntr.run()
  File "web_monitor.py", line 39, in run
    self.check_alerts()
  File "web_monitor.py", line 56, in check_alerts
    self.send_alert(item,handler_obj)
  File "web_monitor.py", line 73, in send_alert
    notifier.send_notification(receiver,item["description"],str(notification_info))
  File "/Users/cynthia/LeBonCoinAlert/web_monitor/notifier.py", line 20, in send_notification
    notifiers[notifier](receiver,subject,message)
  File "/Users/cynthia/LeBonCoinAlert/web_monitor/notifier.py", line 11, in gmail_notify
    gmail.send_mail(sender,to,subject,content)
NameError: global name 'gmail' is not defined
2014-12-07 11:49:45,307:INFO:apscheduler.executors.default:Running job "start_monitor (trigger: interval[0:00:20], next run at: 2014-12-07 11:50:05 CET)" (scheduled at 2014-12-07 11:49:45.301966+01:00)
2014-12-07 11:49:46,959:ERROR:apscheduler.executors.default:Job "start_monitor (trigger: interval[0:00:20], next run at: 2014-12-07 11:50:05 CET)" raised an exception
Traceback (most recent call last):
  File "/Library/Python/2.7/site-packages/apscheduler/executors/base.py", line 108, in run_job
    retval = job.func(*job.args, **job.kwargs)
  File "web_monitor.py", line 80, in start_monitor
    web_mntr.run()
  File "web_monitor.py", line 39, in run
    self.check_alerts()
  File "web_monitor.py", line 56, in check_alerts
    self.send_alert(item,handler_obj)
  File "web_monitor.py", line 73, in send_alert
    notifier.send_notification(receiver,item["description"],str(notification_info))
  File "/Users/cynthia/LeBonCoinAlert/web_monitor/notifier.py", line 21, in send_notification
    notifiers[notifier](receiver,subject,message)
  File "/Users/cynthia/LeBonCoinAlert/web_monitor/notifier.py", line 12, in gmail_notify
    gmail.send_mail(sender,to,subject,content)
  File "/Users/cynthia/LeBonCoinAlert/web_monitor/helpers/gmail.py", line 44, in send_mail
    gmail_service = _authorize(opts)
  File "/Users/cynthia/LeBonCoinAlert/web_monitor/helpers/gmail.py", line 27, in _authorize
    flow = flow_from_clientsecrets(opts["secret_file"], scope=opts["oauth_scope"])
KeyError: 'secret_file'
2014-12-07 11:50:50,551:INFO:apscheduler.executors.default:Running job "start_monitor (trigger: interval[0:00:20], next run at: 2014-12-07 11:50:50 CET)" (scheduled at 2014-12-07 11:50:50.545778+01:00)
2014-12-07 11:50:53,145:ERROR:apscheduler.executors.default:Job "start_monitor (trigger: interval[0:00:20], next run at: 2014-12-07 11:51:10 CET)" raised an exception
Traceback (most recent call last):
  File "/Library/Python/2.7/site-packages/apscheduler/executors/base.py", line 108, in run_job
    retval = job.func(*job.args, **job.kwargs)
  File "web_monitor.py", line 80, in start_monitor
    web_mntr.run()
  File "web_monitor.py", line 39, in run
    self.check_alerts()
  File "web_monitor.py", line 56, in check_alerts
    self.send_alert(item,handler_obj)
  File "web_monitor.py", line 73, in send_alert
    notifier.send_notification(receiver,item["description"],str(notification_info))
  File "/Users/cynthia/LeBonCoinAlert/web_monitor/notifier.py", line 21, in send_notification
    notifiers[notifier](receiver,subject,message)
  File "/Users/cynthia/LeBonCoinAlert/web_monitor/notifier.py", line 12, in gmail_notify
    gmail.send_mail(sender,to,subject,content)
  File "/Users/cynthia/LeBonCoinAlert/web_monitor/helpers/gmail.py", line 44, in send_mail
    gmail_service = _authorize(opts)
  File "/Users/cynthia/LeBonCoinAlert/web_monitor/helpers/gmail.py", line 27, in _authorize
    flow = flow_from_clientsecrets(opts["secret_file"], scope=opts["oauth_scope"])
  File "/Library/Python/2.7/site-packages/oauth2client/util.py", line 132, in positional_wrapper
    return wrapped(*args, **kwargs)
  File "/Library/Python/2.7/site-packages/oauth2client/client.py", line 1909, in flow_from_clientsecrets
    client_type, client_info = clientsecrets.loadfile(filename, cache=cache)
  File "/Library/Python/2.7/site-packages/oauth2client/clientsecrets.py", line 143, in loadfile
    return _loadfile(filename)
  File "/Library/Python/2.7/site-packages/oauth2client/clientsecrets.py", line 105, in _loadfile
    raise InvalidClientSecretsError('File not found: "%s"' % filename)
InvalidClientSecretsError: File not found: "~/googleapi/client_secret.json"
2014-12-07 11:51:10,549:INFO:apscheduler.executors.default:Running job "start_monitor (trigger: interval[0:00:20], next run at: 2014-12-07 11:51:10 CET)" (scheduled at 2014-12-07 11:51:10.545778+01:00)
2014-12-07 11:51:12,835:ERROR:apscheduler.executors.default:Job "start_monitor (trigger: interval[0:00:20], next run at: 2014-12-07 11:51:30 CET)" raised an exception
Traceback (most recent call last):
  File "/Library/Python/2.7/site-packages/apscheduler/executors/base.py", line 108, in run_job
    retval = job.func(*job.args, **job.kwargs)
  File "web_monitor.py", line 80, in start_monitor
    web_mntr.run()
  File "web_monitor.py", line 39, in run
    self.check_alerts()
  File "web_monitor.py", line 56, in check_alerts
    self.send_alert(item,handler_obj)
  File "web_monitor.py", line 73, in send_alert
    notifier.send_notification(receiver,item["description"],str(notification_info))
  File "/Users/cynthia/LeBonCoinAlert/web_monitor/notifier.py", line 21, in send_notification
    notifiers[notifier](receiver,subject,message)
  File "/Users/cynthia/LeBonCoinAlert/web_monitor/notifier.py", line 12, in gmail_notify
    gmail.send_mail(sender,to,subject,content)
  File "/Users/cynthia/LeBonCoinAlert/web_monitor/helpers/gmail.py", line 44, in send_mail
    gmail_service = _authorize(opts)
  File "/Users/cynthia/LeBonCoinAlert/web_monitor/helpers/gmail.py", line 27, in _authorize
    flow = flow_from_clientsecrets(opts["secret_file"], scope=opts["oauth_scope"])
  File "/Library/Python/2.7/site-packages/oauth2client/util.py", line 132, in positional_wrapper
    return wrapped(*args, **kwargs)
  File "/Library/Python/2.7/site-packages/oauth2client/client.py", line 1909, in flow_from_clientsecrets
    client_type, client_info = clientsecrets.loadfile(filename, cache=cache)
  File "/Library/Python/2.7/site-packages/oauth2client/clientsecrets.py", line 143, in loadfile
    return _loadfile(filename)
  File "/Library/Python/2.7/site-packages/oauth2client/clientsecrets.py", line 105, in _loadfile
    raise InvalidClientSecretsError('File not found: "%s"' % filename)
InvalidClientSecretsError: File not found: "~/googleapi/client_secret.json"
2014-12-07 11:52:26,836:INFO:apscheduler.executors.default:Running job "start_monitor (trigger: interval[0:00:20], next run at: 2014-12-07 11:52:26 CET)" (scheduled at 2014-12-07 11:52:26.830703+01:00)
2014-12-07 11:52:28,481:ERROR:apscheduler.executors.default:Job "start_monitor (trigger: interval[0:00:20], next run at: 2014-12-07 11:52:46 CET)" raised an exception
Traceback (most recent call last):
  File "/Library/Python/2.7/site-packages/apscheduler/executors/base.py", line 108, in run_job
    retval = job.func(*job.args, **job.kwargs)
  File "web_monitor.py", line 80, in start_monitor
    web_mntr.run()
  File "web_monitor.py", line 39, in run
    self.check_alerts()
  File "web_monitor.py", line 56, in check_alerts
    self.send_alert(item,handler_obj)
  File "web_monitor.py", line 73, in send_alert
    notifier.send_notification(receiver,item["description"],str(notification_info))
  File "/Users/cynthia/LeBonCoinAlert/web_monitor/notifier.py", line 21, in send_notification
    notifiers[notifier](receiver,subject,message)
  File "/Users/cynthia/LeBonCoinAlert/web_monitor/notifier.py", line 12, in gmail_notify
    gmail.send_mail(sender,to,subject,content)
  File "/Users/cynthia/LeBonCoinAlert/web_monitor/helpers/gmail.py", line 44, in send_mail
    gmail_service = _authorize(opts)
  File "/Users/cynthia/LeBonCoinAlert/web_monitor/helpers/gmail.py", line 27, in _authorize
    flow = flow_from_clientsecrets(opts["secret_file"], scope=opts["oauth_scope"])
  File "/Library/Python/2.7/site-packages/oauth2client/util.py", line 132, in positional_wrapper
    return wrapped(*args, **kwargs)
  File "/Library/Python/2.7/site-packages/oauth2client/client.py", line 1909, in flow_from_clientsecrets
    client_type, client_info = clientsecrets.loadfile(filename, cache=cache)
  File "/Library/Python/2.7/site-packages/oauth2client/clientsecrets.py", line 143, in loadfile
    return _loadfile(filename)
  File "/Library/Python/2.7/site-packages/oauth2client/clientsecrets.py", line 105, in _loadfile
    raise InvalidClientSecretsError('File not found: "%s"' % filename)
InvalidClientSecretsError: File not found: "~/googleapi/client_secret.json"
2014-12-07 11:53:44,376:INFO:apscheduler.executors.default:Running job "start_monitor (trigger: interval[0:00:20], next run at: 2014-12-07 11:53:44 CET)" (scheduled at 2014-12-07 11:53:44.373158+01:00)
2014-12-07 11:53:47,325:ERROR:apscheduler.executors.default:Job "start_monitor (trigger: interval[0:00:20], next run at: 2014-12-07 11:54:04 CET)" raised an exception
Traceback (most recent call last):
  File "/Library/Python/2.7/site-packages/apscheduler/executors/base.py", line 108, in run_job
    retval = job.func(*job.args, **job.kwargs)
  File "web_monitor.py", line 80, in start_monitor
    web_mntr.run()
  File "web_monitor.py", line 39, in run
    self.check_alerts()
  File "web_monitor.py", line 56, in check_alerts
    self.send_alert(item,handler_obj)
  File "web_monitor.py", line 73, in send_alert
    notifier.send_notification(receiver,item["description"],str(notification_info))
  File "/Users/cynthia/LeBonCoinAlert/web_monitor/notifier.py", line 21, in send_notification
    notifiers[notifier](receiver,subject,message)
  File "/Users/cynthia/LeBonCoinAlert/web_monitor/notifier.py", line 12, in gmail_notify
    gmail.send_mail(sender,to,subject,content)
  File "/Users/cynthia/LeBonCoinAlert/web_monitor/helpers/gmail.py", line 45, in send_mail
    message = _Create(sender,to,subject,content)
NameError: global name '_Create' is not defined
2014-12-07 11:55:00,316:INFO:apscheduler.executors.default:Running job "start_monitor (trigger: interval[0:00:20], next run at: 2014-12-07 11:55:00 CET)" (scheduled at 2014-12-07 11:55:00.310866+01:00)
2014-12-07 11:55:05,936:INFO:apscheduler.executors.default:Job "start_monitor (trigger: interval[0:00:20], next run at: 2014-12-07 11:55:20 CET)" executed successfully
2014-12-07 11:55:20,314:INFO:apscheduler.executors.default:Running job "start_monitor (trigger: interval[0:00:20], next run at: 2014-12-07 11:55:20 CET)" (scheduled at 2014-12-07 11:55:20.310866+01:00)
2014-12-07 11:55:22,917:INFO:apscheduler.executors.default:Job "start_monitor (trigger: interval[0:00:20], next run at: 2014-12-07 11:55:40 CET)" executed successfully
2014-12-07 11:59:17,047:INFO:apscheduler.executors.default:Running job "start_monitor (trigger: interval[0:00:20], next run at: 2014-12-07 11:59:37 CET)" (scheduled at 2014-12-07 11:59:17.043133+01:00)
2014-12-07 11:59:19,348:INFO:apscheduler.executors.default:Job "start_monitor (trigger: interval[0:00:20], next run at: 2014-12-07 11:59:37 CET)" executed successfully
2014-12-07 11:59:37,060:INFO:apscheduler.executors.default:Running job "start_monitor (trigger: interval[0:00:20], next run at: 2014-12-07 11:59:37 CET)" (scheduled at 2014-12-07 11:59:37.043133+01:00)
2014-12-07 11:59:38,712:INFO:apscheduler.executors.default:Job "start_monitor (trigger: interval[0:00:20], next run at: 2014-12-07 11:59:57 CET)" executed successfully
2014-12-07 11:59:57,050:INFO:apscheduler.executors.default:Running job "start_monitor (trigger: interval[0:00:20], next run at: 2014-12-07 11:59:57 CET)" (scheduled at 2014-12-07 11:59:57.043133+01:00)
2014-12-07 11:59:58,299:INFO:apscheduler.executors.default:Job "start_monitor (trigger: interval[0:00:20], next run at: 2014-12-07 12:00:17 CET)" executed successfully
2014-12-07 12:00:17,051:INFO:apscheduler.executors.default:Running job "start_monitor (trigger: interval[0:00:20], next run at: 2014-12-07 12:00:17 CET)" (scheduled at 2014-12-07 12:00:17.043133+01:00)
2014-12-07 12:00:18,218:INFO:apscheduler.executors.default:Job "start_monitor (trigger: interval[0:00:20], next run at: 2014-12-07 12:00:37 CET)" executed successfully
2014-12-07 12:00:37,050:INFO:apscheduler.executors.default:Running job "start_monitor (trigger: interval[0:00:20], next run at: 2014-12-07 12:00:37 CET)" (scheduled at 2014-12-07 12:00:37.043133+01:00)
2014-12-07 12:00:38,415:INFO:apscheduler.executors.default:Job "start_monitor (trigger: interval[0:00:20], next run at: 2014-12-07 12:00:57 CET)" executed successfully
2014-12-07 12:00:57,051:INFO:apscheduler.executors.default:Running job "start_monitor (trigger: interval[0:00:20], next run at: 2014-12-07 12:00:57 CET)" (scheduled at 2014-12-07 12:00:57.043133+01:00)
2014-12-07 12:00:58,438:INFO:apscheduler.executors.default:Job "start_monitor (trigger: interval[0:00:20], next run at: 2014-12-07 12:01:17 CET)" executed successfully
2014-12-07 12:01:17,046:INFO:apscheduler.executors.default:Running job "start_monitor (trigger: interval[0:00:20], next run at: 2014-12-07 12:01:17 CET)" (scheduled at 2014-12-07 12:01:17.043133+01:00)
2014-12-07 12:01:18,455:INFO:apscheduler.executors.default:Job "start_monitor (trigger: interval[0:00:20], next run at: 2014-12-07 12:01:37 CET)" executed successfully
2014-12-07 12:01:37,066:INFO:apscheduler.executors.default:Running job "start_monitor (trigger: interval[0:00:20], next run at: 2014-12-07 12:01:37 CET)" (scheduled at 2014-12-07 12:01:37.043133+01:00)
2014-12-07 12:01:38,244:INFO:apscheduler.executors.default:Job "start_monitor (trigger: interval[0:00:20], next run at: 2014-12-07 12:01:57 CET)" executed successfully
2014-12-07 12:01:57,045:INFO:apscheduler.executors.default:Running job "start_monitor (trigger: interval[0:00:20], next run at: 2014-12-07 12:01:57 CET)" (scheduled at 2014-12-07 12:01:57.043133+01:00)
2014-12-07 12:02:00,279:INFO:apscheduler.executors.default:Job "start_monitor (trigger: interval[0:00:20], next run at: 2014-12-07 12:02:17 CET)" executed successfully
2014-12-07 12:02:17,053:INFO:apscheduler.executors.default:Running job "start_monitor (trigger: interval[0:00:20], next run at: 2014-12-07 12:02:17 CET)" (scheduled at 2014-12-07 12:02:17.043133+01:00)
2014-12-07 12:02:18,426:INFO:apscheduler.executors.default:Job "start_monitor (trigger: interval[0:00:20], next run at: 2014-12-07 12:02:37 CET)" executed successfully
2014-12-07 12:02:37,051:INFO:apscheduler.executors.default:Running job "start_monitor (trigger: interval[0:00:20], next run at: 2014-12-07 12:02:57 CET)" (scheduled at 2014-12-07 12:02:37.043133+01:00)
2014-12-07 12:02:39,509:INFO:apscheduler.executors.default:Job "start_monitor (trigger: interval[0:00:20], next run at: 2014-12-07 12:02:57 CET)" executed successfully
2014-12-07 12:02:57,045:INFO:apscheduler.executors.default:Running job "start_monitor (trigger: interval[0:00:20], next run at: 2014-12-07 12:03:17 CET)" (scheduled at 2014-12-07 12:02:57.043133+01:00)
2014-12-07 12:03:00,288:INFO:apscheduler.executors.default:Job "start_monitor (trigger: interval[0:00:20], next run at: 2014-12-07 12:03:17 CET)" executed successfully
2014-12-07 12:03:17,050:INFO:apscheduler.executors.default:Running job "start_monitor (trigger: interval[0:00:20], next run at: 2014-12-07 12:03:37 CET)" (scheduled at 2014-12-07 12:03:17.043133+01:00)
2014-12-07 12:03:18,400:INFO:apscheduler.executors.default:Job "start_monitor (trigger: interval[0:00:20], next run at: 2014-12-07 12:03:37 CET)" executed successfully
2014-12-07 12:03:37,059:INFO:apscheduler.executors.default:Running job "start_monitor (trigger: interval[0:00:20], next run at: 2014-12-07 12:03:57 CET)" (scheduled at 2014-12-07 12:03:37.043133+01:00)
2014-12-07 12:03:38,214:INFO:apscheduler.executors.default:Job "start_monitor (trigger: interval[0:00:20], next run at: 2014-12-07 12:03:57 CET)" executed successfully
2014-12-07 12:03:57,045:INFO:apscheduler.executors.default:Running job "start_monitor (trigger: interval[0:00:20], next run at: 2014-12-07 12:04:17 CET)" (scheduled at 2014-12-07 12:03:57.043133+01:00)
2014-12-07 12:03:59,325:INFO:apscheduler.executors.default:Job "start_monitor (trigger: interval[0:00:20], next run at: 2014-12-07 12:04:17 CET)" executed successfully
2014-12-07 12:04:17,047:INFO:apscheduler.executors.default:Running job "start_monitor (trigger: interval[0:00:20], next run at: 2014-12-07 12:04:37 CET)" (scheduled at 2014-12-07 12:04:17.043133+01:00)
2014-12-07 12:04:18,335:INFO:apscheduler.executors.default:Job "start_monitor (trigger: interval[0:00:20], next run at: 2014-12-07 12:04:37 CET)" executed successfully
2014-12-07 12:04:37,046:INFO:apscheduler.executors.default:Running job "start_monitor (trigger: interval[0:00:20], next run at: 2014-12-07 12:04:57 CET)" (scheduled at 2014-12-07 12:04:37.043133+01:00)
2014-12-07 12:04:38,436:INFO:apscheduler.executors.default:Job "start_monitor (trigger: interval[0:00:20], next run at: 2014-12-07 12:04:57 CET)" executed successfully
2014-12-07 12:04:57,046:INFO:apscheduler.executors.default:Running job "start_monitor (trigger: interval[0:00:20], next run at: 2014-12-07 12:05:17 CET)" (scheduled at 2014-12-07 12:04:57.043133+01:00)
2014-12-07 12:04:58,429:INFO:apscheduler.executors.default:Job "start_monitor (trigger: interval[0:00:20], next run at: 2014-12-07 12:05:17 CET)" executed successfully
2014-12-07 12:05:17,052:INFO:apscheduler.executors.default:Running job "start_monitor (trigger: interval[0:00:20], next run at: 2014-12-07 12:05:37 CET)" (scheduled at 2014-12-07 12:05:17.043133+01:00)
2014-12-07 12:05:18,613:INFO:apscheduler.executors.default:Job "start_monitor (trigger: interval[0:00:20], next run at: 2014-12-07 12:05:37 CET)" executed successfully
2014-12-07 12:05:37,047:INFO:apscheduler.executors.default:Running job "start_monitor (trigger: interval[0:00:20], next run at: 2014-12-07 12:05:57 CET)" (scheduled at 2014-12-07 12:05:37.043133+01:00)
2014-12-07 12:05:38,682:INFO:apscheduler.executors.default:Job "start_monitor (trigger: interval[0:00:20], next run at: 2014-12-07 12:05:57 CET)" executed successfully
2014-12-07 12:05:57,046:INFO:apscheduler.executors.default:Running job "start_monitor (trigger: interval[0:00:20], next run at: 2014-12-07 12:06:17 CET)" (scheduled at 2014-12-07 12:05:57.043133+01:00)
2014-12-07 12:05:58,133:INFO:apscheduler.executors.default:Job "start_monitor (trigger: interval[0:00:20], next run at: 2014-12-07 12:06:17 CET)" executed successfully
2014-12-07 12:06:17,048:INFO:apscheduler.executors.default:Running job "start_monitor (trigger: interval[0:00:20], next run at: 2014-12-07 12:06:37 CET)" (scheduled at 2014-12-07 12:06:17.043133+01:00)
2014-12-07 12:06:18,113:INFO:apscheduler.executors.default:Job "start_monitor (trigger: interval[0:00:20], next run at: 2014-12-07 12:06:37 CET)" executed successfully
2014-12-07 12:06:37,045:INFO:apscheduler.executors.default:Running job "start_monitor (trigger: interval[0:00:20], next run at: 2014-12-07 12:06:57 CET)" (scheduled at 2014-12-07 12:06:37.043133+01:00)
2014-12-07 12:06:38,470:INFO:apscheduler.executors.default:Job "start_monitor (trigger: interval[0:00:20], next run at: 2014-12-07 12:06:57 CET)" executed successfully
2014-12-07 12:06:57,045:INFO:apscheduler.executors.default:Running job "start_monitor (trigger: interval[0:00:20], next run at: 2014-12-07 12:07:17 CET)" (scheduled at 2014-12-07 12:06:57.043133+01:00)
2014-12-07 12:06:58,638:INFO:apscheduler.executors.default:Job "start_monitor (trigger: interval[0:00:20], next run at: 2014-12-07 12:07:17 CET)" executed successfully
2014-12-07 12:07:17,045:INFO:apscheduler.executors.default:Running job "start_monitor (trigger: interval[0:00:20], next run at: 2014-12-07 12:07:37 CET)" (scheduled at 2014-12-07 12:07:17.043133+01:00)
2014-12-07 12:07:18,181:INFO:apscheduler.executors.default:Job "start_monitor (trigger: interval[0:00:20], next run at: 2014-12-07 12:07:37 CET)" executed successfully
2014-12-07 12:07:37,053:INFO:apscheduler.executors.default:Running job "start_monitor (trigger: interval[0:00:20], next run at: 2014-12-07 12:07:57 CET)" (scheduled at 2014-12-07 12:07:37.043133+01:00)
2014-12-07 12:07:38,491:INFO:apscheduler.executors.default:Job "start_monitor (trigger: interval[0:00:20], next run at: 2014-12-07 12:07:57 CET)" executed successfully
2014-12-07 12:07:57,054:INFO:apscheduler.executors.default:Running job "start_monitor (trigger: interval[0:00:20], next run at: 2014-12-07 12:08:17 CET)" (scheduled at 2014-12-07 12:07:57.043133+01:00)
2014-12-07 12:07:58,436:INFO:apscheduler.executors.default:Job "start_monitor (trigger: interval[0:00:20], next run at: 2014-12-07 12:08:17 CET)" executed successfully
2014-12-07 12:08:17,046:INFO:apscheduler.executors.default:Running job "start_monitor (trigger: interval[0:00:20], next run at: 2014-12-07 12:08:37 CET)" (scheduled at 2014-12-07 12:08:17.043133+01:00)
2014-12-07 12:08:18,263:INFO:apscheduler.executors.default:Job "start_monitor (trigger: interval[0:00:20], next run at: 2014-12-07 12:08:37 CET)" executed successfully
2014-12-07 12:08:37,046:INFO:apscheduler.executors.default:Running job "start_monitor (trigger: interval[0:00:20], next run at: 2014-12-07 12:08:57 CET)" (scheduled at 2014-12-07 12:08:37.043133+01:00)
2014-12-07 12:08:38,670:INFO:apscheduler.executors.default:Job "start_monitor (trigger: interval[0:00:20], next run at: 2014-12-07 12:08:57 CET)" executed successfully
2014-12-07 12:08:57,045:INFO:apscheduler.executors.default:Running job "start_monitor (trigger: interval[0:00:20], next run at: 2014-12-07 12:09:17 CET)" (scheduled at 2014-12-07 12:08:57.043133+01:00)
2014-12-07 12:08:58,502:INFO:apscheduler.executors.default:Job "start_monitor (trigger: interval[0:00:20], next run at: 2014-12-07 12:09:17 CET)" executed successfully
2014-12-07 12:09:17,048:INFO:apscheduler.executors.default:Running job "start_monitor (trigger: interval[0:00:20], next run at: 2014-12-07 12:09:37 CET)" (scheduled at 2014-12-07 12:09:17.043133+01:00)
2014-12-07 12:09:18,416:INFO:apscheduler.executors.default:Job "start_monitor (trigger: interval[0:00:20], next run at: 2014-12-07 12:09:37 CET)" executed successfully
2014-12-07 12:09:37,047:INFO:apscheduler.executors.default:Running job "start_monitor (trigger: interval[0:00:20], next run at: 2014-12-07 12:09:57 CET)" (scheduled at 2014-12-07 12:09:37.043133+01:00)
2014-12-07 12:09:38,812:INFO:apscheduler.executors.default:Job "start_monitor (trigger: interval[0:00:20], next run at: 2014-12-07 12:09:57 CET)" executed successfully
2014-12-07 12:09:57,048:INFO:apscheduler.executors.default:Running job "start_monitor (trigger: interval[0:00:20], next run at: 2014-12-07 12:10:17 CET)" (scheduled at 2014-12-07 12:09:57.043133+01:00)
2014-12-07 12:09:58,672:INFO:apscheduler.executors.default:Job "start_monitor (trigger: interval[0:00:20], next run at: 2014-12-07 12:10:17 CET)" executed successfully
2014-12-07 12:10:17,053:INFO:apscheduler.executors.default:Running job "start_monitor (trigger: interval[0:00:20], next run at: 2014-12-07 12:10:37 CET)" (scheduled at 2014-12-07 12:10:17.043133+01:00)
2014-12-07 12:10:19,006:INFO:apscheduler.executors.default:Job "start_monitor (trigger: interval[0:00:20], next run at: 2014-12-07 12:10:37 CET)" executed successfully
2014-12-07 12:10:37,045:INFO:apscheduler.executors.default:Running job "start_monitor (trigger: interval[0:00:20], next run at: 2014-12-07 12:10:57 CET)" (scheduled at 2014-12-07 12:10:37.043133+01:00)
2014-12-07 12:10:38,699:INFO:apscheduler.executors.default:Job "start_monitor (trigger: interval[0:00:20], next run at: 2014-12-07 12:10:57 CET)" executed successfully
2014-12-07 12:10:57,046:INFO:apscheduler.executors.default:Running job "start_monitor (trigger: interval[0:00:20], next run at: 2014-12-07 12:11:17 CET)" (scheduled at 2014-12-07 12:10:57.043133+01:00)
2014-12-07 12:10:58,499:INFO:apscheduler.executors.default:Job "start_monitor (trigger: interval[0:00:20], next run at: 2014-12-07 12:11:17 CET)" executed successfully
2014-12-07 12:12:13,840:INFO:apscheduler.executors.default:Running job "start_monitor (trigger: interval[0:00:20], next run at: 2014-12-07 12:12:13 CET)" (scheduled at 2014-12-07 12:12:13.835296+01:00)
2014-12-07 12:12:17,157:INFO:apscheduler.executors.default:Job "start_monitor (trigger: interval[0:00:20], next run at: 2014-12-07 12:12:33 CET)" executed successfully
2014-12-07 12:12:33,840:INFO:apscheduler.executors.default:Running job "start_monitor (trigger: interval[0:00:20], next run at: 2014-12-07 12:12:33 CET)" (scheduled at 2014-12-07 12:12:33.835296+01:00)
2014-12-07 12:12:36,057:INFO:apscheduler.executors.default:Job "start_monitor (trigger: interval[0:00:20], next run at: 2014-12-07 12:12:53 CET)" executed successfully
2014-12-07 12:14:00,861:INFO:apscheduler.executors.default:Running job "start_monitor (trigger: interval[0:00:20], next run at: 2014-12-07 12:14:00 CET)" (scheduled at 2014-12-07 12:14:00.858471+01:00)
2014-12-07 12:14:04,028:INFO:apscheduler.executors.default:Job "start_monitor (trigger: interval[0:00:20], next run at: 2014-12-07 12:14:20 CET)" executed successfully
2014-12-07 12:14:20,863:INFO:apscheduler.executors.default:Running job "start_monitor (trigger: interval[0:00:20], next run at: 2014-12-07 12:14:20 CET)" (scheduled at 2014-12-07 12:14:20.858471+01:00)
2014-12-07 12:14:22,684:INFO:apscheduler.executors.default:Job "start_monitor (trigger: interval[0:00:20], next run at: 2014-12-07 12:14:40 CET)" executed successfully
2014-12-07 12:17:52,774:INFO:apscheduler.executors.default:Running job "start_monitor (trigger: interval[0:00:20], next run at: 2014-12-07 12:18:12 CET)" (scheduled at 2014-12-07 12:17:52.772372+01:00)
2014-12-07 12:17:56,304:INFO:apscheduler.executors.default:Job "start_monitor (trigger: interval[0:00:20], next run at: 2014-12-07 12:18:12 CET)" executed successfully
2014-12-07 12:18:12,774:INFO:apscheduler.executors.default:Running job "start_monitor (trigger: interval[0:00:20], next run at: 2014-12-07 12:18:12 CET)" (scheduled at 2014-12-07 12:18:12.772372+01:00)
2014-12-07 12:18:14,999:INFO:apscheduler.executors.default:Job "start_monitor (trigger: interval[0:00:20], next run at: 2014-12-07 12:18:32 CET)" executed successfully
2014-12-07 12:18:32,775:INFO:apscheduler.executors.default:Running job "start_monitor (trigger: interval[0:00:20], next run at: 2014-12-07 12:18:32 CET)" (scheduled at 2014-12-07 12:18:32.772372+01:00)
2014-12-07 12:18:35,467:INFO:apscheduler.executors.default:Job "start_monitor (trigger: interval[0:00:20], next run at: 2014-12-07 12:18:52 CET)" executed successfully
2014-12-07 12:24:32,788:INFO:apscheduler.executors.default:Running job "start_monitor (trigger: interval[0:00:20], next run at: 2014-12-07 12:24:32 CET)" (scheduled at 2014-12-07 12:24:32.785546+01:00)
2014-12-07 12:24:34,908:INFO:apscheduler.executors.default:Job "start_monitor (trigger: interval[0:00:20], next run at: 2014-12-07 12:24:52 CET)" executed successfully
2014-12-07 12:26:05,195:INFO:apscheduler.executors.default:Running job "start_monitor (trigger: interval[0:00:20], next run at: 2014-12-07 12:26:05 CET)" (scheduled at 2014-12-07 12:26:05.191138+01:00)
2014-12-07 12:26:07,400:INFO:apscheduler.executors.default:Job "start_monitor (trigger: interval[0:00:20], next run at: 2014-12-07 12:26:25 CET)" executed successfully
2014-12-07 12:26:25,195:INFO:apscheduler.executors.default:Running job "start_monitor (trigger: interval[0:00:20], next run at: 2014-12-07 12:26:45 CET)" (scheduled at 2014-12-07 12:26:25.191138+01:00)
2014-12-07 12:26:27,051:INFO:apscheduler.executors.default:Job "start_monitor (trigger: interval[0:00:20], next run at: 2014-12-07 12:26:45 CET)" executed successfully
2014-12-07 12:27:31,143:INFO:apscheduler.executors.default:Running job "start_monitor (trigger: interval[0:00:20], next run at: 2014-12-07 12:27:31 CET)" (scheduled at 2014-12-07 12:27:31.141783+01:00)
2014-12-07 12:27:33,750:INFO:apscheduler.executors.default:Job "start_monitor (trigger: interval[0:00:20], next run at: 2014-12-07 12:27:51 CET)" executed successfully
2014-12-07 12:29:28,933:INFO:apscheduler.executors.default:Running job "start_monitor (trigger: interval[0:00:20], next run at: 2014-12-07 12:29:28 CET)" (scheduled at 2014-12-07 12:29:28.928866+01:00)
2014-12-07 12:29:30,987:INFO:apscheduler.executors.default:Job "start_monitor (trigger: interval[0:00:20], next run at: 2014-12-07 12:29:48 CET)" executed successfully
